{"E:\\Education File\\haleta-new-api\\src\\models\\job.js": {"path":"E:\\Education File\\haleta-new-api\\src\\models\\job.js","statementMap":{"0":{"start":{"line":5,"column":18},"end":{"line":31,"column":2}},"1":{"start":{"line":33,"column":0},"end":{"line":33,"column":29}},"2":{"start":{"line":34,"column":0},"end":{"line":37,"column":3}},"3":{"start":{"line":39,"column":17},"end":{"line":39,"column":49}},"4":{"start":{"line":40,"column":14},"end":{"line":40,"column":43}}},"fnMap":{},"branchMap":{},"s":{"0":1,"1":1,"2":1,"3":1,"4":1},"f":{},"b":{},"_coverageSchema":"1a1c01bbd47fc00a2c39e90264f33305004495a9","hash":"d68e56ea0767a556c0ee14a58318ae52c7ca16bc"}
,"E:\\Education File\\haleta-new-api\\src\\services\\job\\data-access\\job-data-access.js": {"path":"E:\\Education File\\haleta-new-api\\src\\services\\job\\data-access\\job-data-access.js","statementMap":{"0":{"start":{"line":3,"column":18},"end":{"line":12,"column":1}},"1":{"start":{"line":4,"column":4},"end":{"line":11,"column":5}},"2":{"start":{"line":5,"column":8},"end":{"line":8,"column":11}},"3":{"start":{"line":10,"column":8},"end":{"line":10,"column":37}},"4":{"start":{"line":14,"column":15},"end":{"line":20,"column":1}},"5":{"start":{"line":15,"column":4},"end":{"line":19,"column":5}},"6":{"start":{"line":16,"column":8},"end":{"line":16,"column":40}},"7":{"start":{"line":18,"column":8},"end":{"line":18,"column":37}},"8":{"start":{"line":22,"column":16},"end":{"line":28,"column":1}},"9":{"start":{"line":23,"column":4},"end":{"line":27,"column":5}},"10":{"start":{"line":24,"column":8},"end":{"line":24,"column":31}},"11":{"start":{"line":26,"column":8},"end":{"line":26,"column":37}},"12":{"start":{"line":30,"column":22},"end":{"line":39,"column":1}},"13":{"start":{"line":31,"column":4},"end":{"line":38,"column":5}},"14":{"start":{"line":32,"column":8},"end":{"line":35,"column":10}},"15":{"start":{"line":37,"column":8},"end":{"line":37,"column":37}},"16":{"start":{"line":41,"column":36},"end":{"line":47,"column":1}},"17":{"start":{"line":42,"column":4},"end":{"line":46,"column":5}},"18":{"start":{"line":43,"column":8},"end":{"line":43,"column":82}},"19":{"start":{"line":45,"column":8},"end":{"line":45,"column":37}},"20":{"start":{"line":49,"column":27},"end":{"line":67,"column":1}},"21":{"start":{"line":50,"column":4},"end":{"line":66,"column":5}},"22":{"start":{"line":52,"column":29},"end":{"line":52,"column":74}},"23":{"start":{"line":53,"column":8},"end":{"line":63,"column":10}},"24":{"start":{"line":65,"column":8},"end":{"line":65,"column":37}},"25":{"start":{"line":69,"column":27},"end":{"line":87,"column":1}},"26":{"start":{"line":70,"column":4},"end":{"line":86,"column":5}},"27":{"start":{"line":71,"column":29},"end":{"line":71,"column":74}},"28":{"start":{"line":73,"column":8},"end":{"line":83,"column":10}},"29":{"start":{"line":85,"column":8},"end":{"line":85,"column":37}},"30":{"start":{"line":89,"column":24},"end":{"line":98,"column":1}},"31":{"start":{"line":90,"column":4},"end":{"line":97,"column":5}},"32":{"start":{"line":91,"column":8},"end":{"line":94,"column":10}},"33":{"start":{"line":96,"column":8},"end":{"line":96,"column":37}},"34":{"start":{"line":100,"column":18},"end":{"line":106,"column":1}},"35":{"start":{"line":101,"column":4},"end":{"line":105,"column":5}},"36":{"start":{"line":102,"column":8},"end":{"line":102,"column":48}},"37":{"start":{"line":104,"column":8},"end":{"line":104,"column":37}}},"fnMap":{"0":{"name":"(anonymous_0)","decl":{"start":{"line":3,"column":18},"end":{"line":3,"column":19}},"loc":{"start":{"line":3,"column":54},"end":{"line":12,"column":1}},"line":3},"1":{"name":"(anonymous_1)","decl":{"start":{"line":14,"column":15},"end":{"line":14,"column":16}},"loc":{"start":{"line":14,"column":32},"end":{"line":20,"column":1}},"line":14},"2":{"name":"(anonymous_2)","decl":{"start":{"line":22,"column":16},"end":{"line":22,"column":17}},"loc":{"start":{"line":22,"column":28},"end":{"line":28,"column":1}},"line":22},"3":{"name":"(anonymous_3)","decl":{"start":{"line":30,"column":22},"end":{"line":30,"column":23}},"loc":{"start":{"line":30,"column":83},"end":{"line":39,"column":1}},"line":30},"4":{"name":"(anonymous_4)","decl":{"start":{"line":41,"column":36},"end":{"line":41,"column":37}},"loc":{"start":{"line":41,"column":73},"end":{"line":47,"column":1}},"line":41},"5":{"name":"(anonymous_5)","decl":{"start":{"line":49,"column":27},"end":{"line":49,"column":28}},"loc":{"start":{"line":49,"column":53},"end":{"line":67,"column":1}},"line":49},"6":{"name":"(anonymous_6)","decl":{"start":{"line":69,"column":27},"end":{"line":69,"column":28}},"loc":{"start":{"line":69,"column":53},"end":{"line":87,"column":1}},"line":69},"7":{"name":"(anonymous_7)","decl":{"start":{"line":89,"column":24},"end":{"line":89,"column":25}},"loc":{"start":{"line":89,"column":43},"end":{"line":98,"column":1}},"line":89},"8":{"name":"(anonymous_8)","decl":{"start":{"line":100,"column":18},"end":{"line":100,"column":19}},"loc":{"start":{"line":100,"column":35},"end":{"line":106,"column":1}},"line":100}},"branchMap":{},"s":{"0":1,"1":1,"2":1,"3":0,"4":1,"5":1,"6":1,"7":0,"8":1,"9":0,"10":0,"11":0,"12":1,"13":1,"14":1,"15":0,"16":1,"17":1,"18":1,"19":0,"20":1,"21":1,"22":1,"23":1,"24":0,"25":1,"26":1,"27":1,"28":1,"29":0,"30":1,"31":2,"32":2,"33":0,"34":1,"35":0,"36":0,"37":0},"f":{"0":1,"1":1,"2":0,"3":1,"4":1,"5":1,"6":1,"7":2,"8":0},"b":{},"_coverageSchema":"1a1c01bbd47fc00a2c39e90264f33305004495a9","hash":"f625624198e67a20b18f1c468a55994666266b25"}
,"E:\\Education File\\haleta-new-api\\src\\tests\\db.js": {"path":"E:\\Education File\\haleta-new-api\\src\\tests\\db.js","statementMap":{"0":{"start":{"line":1,"column":17},"end":{"line":1,"column":36}},"1":{"start":{"line":2,"column":30},"end":{"line":2,"column":62}},"2":{"start":{"line":7,"column":0},"end":{"line":20,"column":1}},"3":{"start":{"line":8,"column":4},"end":{"line":8,"column":46}},"4":{"start":{"line":9,"column":16},"end":{"line":9,"column":31}},"5":{"start":{"line":10,"column":25},"end":{"line":13,"column":5}},"6":{"start":{"line":14,"column":4},"end":{"line":19,"column":7}},"7":{"start":{"line":15,"column":8},"end":{"line":17,"column":9}},"8":{"start":{"line":16,"column":12},"end":{"line":16,"column":28}},"9":{"start":{"line":18,"column":8},"end":{"line":18,"column":51}},"10":{"start":{"line":23,"column":0},"end":{"line":27,"column":1}},"11":{"start":{"line":24,"column":4},"end":{"line":24,"column":45}},"12":{"start":{"line":25,"column":4},"end":{"line":25,"column":38}},"13":{"start":{"line":26,"column":4},"end":{"line":26,"column":24}},"14":{"start":{"line":30,"column":0},"end":{"line":36,"column":1}},"15":{"start":{"line":31,"column":24},"end":{"line":31,"column":55}},"16":{"start":{"line":32,"column":4},"end":{"line":35,"column":5}},"17":{"start":{"line":33,"column":27},"end":{"line":33,"column":43}},"18":{"start":{"line":34,"column":8},"end":{"line":34,"column":38}}},"fnMap":{"0":{"name":"(anonymous_0)","decl":{"start":{"line":7,"column":25},"end":{"line":7,"column":26}},"loc":{"start":{"line":7,"column":37},"end":{"line":20,"column":1}},"line":7},"1":{"name":"(anonymous_1)","decl":{"start":{"line":14,"column":45},"end":{"line":14,"column":46}},"loc":{"start":{"line":14,"column":52},"end":{"line":19,"column":5}},"line":14},"2":{"name":"(anonymous_2)","decl":{"start":{"line":23,"column":31},"end":{"line":23,"column":32}},"loc":{"start":{"line":23,"column":43},"end":{"line":27,"column":1}},"line":23},"3":{"name":"(anonymous_3)","decl":{"start":{"line":30,"column":31},"end":{"line":30,"column":32}},"loc":{"start":{"line":30,"column":43},"end":{"line":36,"column":1}},"line":30}},"branchMap":{"0":{"loc":{"start":{"line":15,"column":8},"end":{"line":17,"column":9}},"type":"if","locations":[{"start":{"line":15,"column":8},"end":{"line":17,"column":9}},{"start":{},"end":{}}],"line":15}},"s":{"0":1,"1":1,"2":1,"3":1,"4":1,"5":1,"6":1,"7":1,"8":0,"9":1,"10":1,"11":1,"12":1,"13":1,"14":1,"15":0,"16":0,"17":0,"18":0},"f":{"0":1,"1":1,"2":1,"3":0},"b":{"0":[0,1]},"_coverageSchema":"1a1c01bbd47fc00a2c39e90264f33305004495a9","hash":"71ed0bb009e135393c66aa11ef316704f09c743a"}
}
