TN:
SF:src\models\job.js
FNF:0
FNH:0
DA:5,1
DA:33,1
DA:34,1
DA:39,1
DA:40,1
LF:5
LH:5
BRF:0
BRH:0
end_of_record
TN:
SF:src\services\job\data-access\job-data-access.js
FN:3,(anonymous_0)
FN:14,(anonymous_1)
FN:22,(anonymous_2)
FN:30,(anonymous_3)
FN:41,(anonymous_4)
FN:49,(anonymous_5)
FN:69,(anonymous_6)
FN:89,(anonymous_7)
FN:100,(anonymous_8)
FNF:9
FNH:7
FNDA:1,(anonymous_0)
FNDA:1,(anonymous_1)
FNDA:0,(anonymous_2)
FNDA:1,(anonymous_3)
FNDA:1,(anonymous_4)
FNDA:1,(anonymous_5)
FNDA:1,(anonymous_6)
FNDA:2,(anonymous_7)
FNDA:0,(anonymous_8)
DA:3,1
DA:4,1
DA:5,1
DA:10,0
DA:14,1
DA:15,1
DA:16,1
DA:18,0
DA:22,1
DA:23,0
DA:24,0
DA:26,0
DA:30,1
DA:31,1
DA:32,1
DA:37,0
DA:41,1
DA:42,1
DA:43,1
DA:45,0
DA:49,1
DA:50,1
DA:52,1
DA:53,1
DA:65,0
DA:69,1
DA:70,1
DA:71,1
DA:73,1
DA:85,0
DA:89,1
DA:90,2
DA:91,2
DA:96,0
DA:100,1
DA:101,0
DA:102,0
DA:104,0
LF:38
LH:25
BRF:0
BRH:0
end_of_record
TN:
SF:src\tests\db.js
FN:7,(anonymous_0)
FN:14,(anonymous_1)
FN:23,(anonymous_2)
FN:30,(anonymous_3)
FNF:4
FNH:3
FNDA:1,(anonymous_0)
FNDA:1,(anonymous_1)
FNDA:1,(anonymous_2)
FNDA:0,(anonymous_3)
DA:1,1
DA:2,1
DA:7,1
DA:8,1
DA:9,1
DA:10,1
DA:14,1
DA:15,1
DA:16,0
DA:18,1
DA:23,1
DA:24,1
DA:25,1
DA:26,1
DA:30,1
DA:31,0
DA:32,0
DA:33,0
DA:34,0
LF:19
LH:14
BRDA:15,0,0,0
BRDA:15,0,1,1
BRF:2
BRH:1
end_of_record
